Determining if the pthread_create exist failed with the following output:
Change Dir: /home/chenjy/catkin_ws/build_isolated/ceres-solver/install/CMakeFiles/CMakeTmp

Run Build Command:"/usr/bin/ninja" "cmTC_d7c3e"
[1/2] Building C object CMakeFiles/cmTC_d7c3e.dir/CheckSymbolExists.c.o
[2/2] Linking C executable cmTC_d7c3e
FAILED: cmTC_d7c3e 
: && /usr/bin/cc   -rdynamic CMakeFiles/cmTC_d7c3e.dir/CheckSymbolExists.c.o  -o cmTC_d7c3e   && :
CMakeFiles/cmTC_d7c3e.dir/CheckSymbolExists.c.o：在函数‘main’中：
CheckSymbolExists.c:(.text+0x1b)：对‘pthread_create’未定义的引用
collect2: error: ld returned 1 exit status
ninja: build stopped: subcommand failed.

File /home/chenjy/catkin_ws/build_isolated/ceres-solver/install/CMakeFiles/CMakeTmp/CheckSymbolExists.c:
/* */
#include <pthread.h>

int main(int argc, char** argv)
{
  (void)argv;
#ifndef pthread_create
  return ((int*)(&pthread_create))[argc];
#else
  (void)argc;
  return 0;
#endif
}

Determining if the function pthread_create exists in the pthreads failed with the following output:
Change Dir: /home/chenjy/catkin_ws/build_isolated/ceres-solver/install/CMakeFiles/CMakeTmp

Run Build Command:"/usr/bin/ninja" "cmTC_0ee4b"
[1/2] Building C object CMakeFiles/cmTC_0ee4b.dir/CheckFunctionExists.c.o
[2/2] Linking C executable cmTC_0ee4b
FAILED: cmTC_0ee4b 
: && /usr/bin/cc -DCHECK_FUNCTION_EXISTS=pthread_create  -rdynamic CMakeFiles/cmTC_0ee4b.dir/CheckFunctionExists.c.o  -o cmTC_0ee4b  -lpthreads && :
/usr/bin/ld: 找不到 -lpthreads
collect2: error: ld returned 1 exit status
ninja: build stopped: subcommand failed.


