Determining if the pthread_create exist failed with the following output:
Change Dir: /home/chenjy/catkin_ws/build/CMakeFiles/CMakeTmp

Run Build Command:"/usr/bin/make" "cmTC_45124/fast"
/usr/bin/make -f CMakeFiles/cmTC_45124.dir/build.make CMakeFiles/cmTC_45124.dir/build
make[1]: 进入目录“/home/chenjy/catkin_ws/build/CMakeFiles/CMakeTmp”
Building C object CMakeFiles/cmTC_45124.dir/CheckSymbolExists.c.o
/usr/bin/cc    -o CMakeFiles/cmTC_45124.dir/CheckSymbolExists.c.o   -c /home/chenjy/catkin_ws/build/CMakeFiles/CMakeTmp/CheckSymbolExists.c
Linking C executable cmTC_45124
/usr/bin/cmake -E cmake_link_script CMakeFiles/cmTC_45124.dir/link.txt --verbose=1
/usr/bin/cc      -rdynamic CMakeFiles/cmTC_45124.dir/CheckSymbolExists.c.o  -o cmTC_45124 
CMakeFiles/cmTC_45124.dir/CheckSymbolExists.c.o：在函数‘main’中：
CheckSymbolExists.c:(.text+0x1b)：对‘pthread_create’未定义的引用
collect2: error: ld returned 1 exit status
CMakeFiles/cmTC_45124.dir/build.make:97: recipe for target 'cmTC_45124' failed
make[1]: *** [cmTC_45124] Error 1
make[1]: 离开目录“/home/chenjy/catkin_ws/build/CMakeFiles/CMakeTmp”
Makefile:126: recipe for target 'cmTC_45124/fast' failed
make: *** [cmTC_45124/fast] Error 2

File /home/chenjy/catkin_ws/build/CMakeFiles/CMakeTmp/CheckSymbolExists.c:
/* */
#include <pthread.h>

int main(int argc, char** argv)
{
  (void)argv;
#ifndef pthread_create
  return ((int*)(&pthread_create))[argc];
#else
  (void)argc;
  return 0;
#endif
}

Determining if the function pthread_create exists in the pthreads failed with the following output:
Change Dir: /home/chenjy/catkin_ws/build/CMakeFiles/CMakeTmp

Run Build Command:"/usr/bin/make" "cmTC_3352f/fast"
/usr/bin/make -f CMakeFiles/cmTC_3352f.dir/build.make CMakeFiles/cmTC_3352f.dir/build
make[1]: 进入目录“/home/chenjy/catkin_ws/build/CMakeFiles/CMakeTmp”
Building C object CMakeFiles/cmTC_3352f.dir/CheckFunctionExists.c.o
/usr/bin/cc   -DCHECK_FUNCTION_EXISTS=pthread_create   -o CMakeFiles/cmTC_3352f.dir/CheckFunctionExists.c.o   -c /usr/share/cmake-3.10/Modules/CheckFunctionExists.c
Linking C executable cmTC_3352f
/usr/bin/cmake -E cmake_link_script CMakeFiles/cmTC_3352f.dir/link.txt --verbose=1
/usr/bin/cc  -DCHECK_FUNCTION_EXISTS=pthread_create    -rdynamic CMakeFiles/cmTC_3352f.dir/CheckFunctionExists.c.o  -o cmTC_3352f -lpthreads 
/usr/bin/ld: 找不到 -lpthreads
collect2: error: ld returned 1 exit status
CMakeFiles/cmTC_3352f.dir/build.make:97: recipe for target 'cmTC_3352f' failed
make[1]: *** [cmTC_3352f] Error 1
make[1]: 离开目录“/home/chenjy/catkin_ws/build/CMakeFiles/CMakeTmp”
Makefile:126: recipe for target 'cmTC_3352f/fast' failed
make: *** [cmTC_3352f/fast] Error 2


